<?xml version="1.0" encoding="UTF-8"?>
<testng-results ignored="0" total="1" passed="1" failed="0" skipped="0">
  <reporter-output>
  </reporter-output>
  <suite started-at="2020-11-01T22:03:48 PST" name="Default suite" finished-at="2020-11-01T22:04:03 PST" duration-ms="15126">
    <groups>
    </groups>
    <test started-at="2020-11-01T22:03:48 PST" name="Default test" finished-at="2020-11-01T22:04:03 PST" duration-ms="15126">
      <class name="RTPackage.RTTest">
        <test-method is-config="true" signature="launchBrowser()[pri:0, instance:RTPackage.RTTest@38c5cc4c]" started-at="2020-11-01T22:03:48 PST" name="launchBrowser" finished-at="2020-11-01T22:03:57 PST" duration-ms="9046" status="PASS">
          <reporter-output>
          </reporter-output>
        </test-method> <!-- launchBrowser -->
        <test-method is-config="true" signature="clickSearchIcon()[pri:0, instance:RTPackage.RTTest@38c5cc4c]" started-at="2020-11-01T22:03:58 PST" name="clickSearchIcon" finished-at="2020-11-01T22:03:58 PST" duration-ms="134" status="PASS">
          <reporter-output>
          </reporter-output>
        </test-method> <!-- clickSearchIcon -->
        <test-method signature="searchTest()[pri:0, instance:RTPackage.RTTest@38c5cc4c]" started-at="2020-11-01T22:03:58 PST" name="searchTest" finished-at="2020-11-01T22:04:03 PST" duration-ms="5738" status="PASS">
          <reporter-output>
          </reporter-output>
        </test-method> <!-- searchTest -->
        <test-method is-config="true" signature="terminateBrowser()[pri:0, instance:RTPackage.RTTest@38c5cc4c]" started-at="2020-11-01T22:04:03 PST" name="terminateBrowser" finished-at="2020-11-01T22:04:03 PST" duration-ms="78" status="PASS">
          <reporter-output>
          </reporter-output>
        </test-method> <!-- terminateBrowser -->
      </class> <!-- RTPackage.RTTest -->
    </test> <!-- Default test -->
  </suite> <!-- Default suite -->
</testng-results>
