<?xml version="1.0" encoding="UTF-8"?>
<testng-results ignored="0" total="1" passed="1" failed="0" skipped="0">
  <reporter-output>
  </reporter-output>
  <suite started-at="2020-10-31T21:57:36 PDT" name="Default suite" finished-at="2020-10-31T21:57:50 PDT" duration-ms="14635">
    <groups>
    </groups>
    <test started-at="2020-10-31T21:57:36 PDT" name="Default test" finished-at="2020-10-31T21:57:50 PDT" duration-ms="14635">
      <class name="firsttestngpackage.FirstTestNGFile">
        <test-method signature="verifyHomepageTitle()[pri:0, instance:firsttestngpackage.FirstTestNGFile@2133814f]" started-at="2020-10-31T21:57:36 PDT" name="verifyHomepageTitle" finished-at="2020-10-31T21:57:50 PDT" duration-ms="14601" status="PASS">
          <reporter-output>
          </reporter-output>
        </test-method> <!-- verifyHomepageTitle -->
      </class> <!-- firsttestngpackage.FirstTestNGFile -->
    </test> <!-- Default test -->
  </suite> <!-- Default suite -->
</testng-results>
