<?xml version="1.0" encoding="UTF-8"?>
<!-- Generated by org.testng.reporters.JUnitXMLReporter -->
<testsuite ignored="0" hostname="LAPTOP-SHNH7OFQ" failures="0" tests="4" name="Default test" time="23.369" errors="0" timestamp="2020-11-10T22:25:37 PST">
  <testcase classname="guru99Package.day5TestNG" name="loginTest" time="4.378"/>
  <testcase classname="guru99Package.day5TestNG" name="loginTest" time="3.086"/>
  <testcase classname="guru99Package.day5TestNG" name="loginTest" time="2.287"/>
  <testcase classname="guru99Package.day5TestNG" name="loginTest" time="2.313"/>
</testsuite> <!-- Default test -->
