<?xml version="1.0" encoding="UTF-8"?>
<testng-results ignored="0" total="4" passed="4" failed="0" skipped="0">
  <reporter-output>
  </reporter-output>
  <suite started-at="2020-11-10T22:25:13 PST" name="Default suite" finished-at="2020-11-10T22:25:37 PST" duration-ms="23369">
    <groups>
    </groups>
    <test started-at="2020-11-10T22:25:13 PST" name="Default test" finished-at="2020-11-10T22:25:37 PST" duration-ms="23369">
      <class name="guru99Package.day5TestNG">
        <test-method is-config="true" signature="launchBrowser()[pri:0, instance:guru99Package.day5TestNG@51e5fc98]" started-at="2020-11-10T22:25:13 PST" name="launchBrowser" finished-at="2020-11-10T22:25:22 PST" duration-ms="8870" status="PASS">
          <reporter-output>
          </reporter-output>
        </test-method> <!-- launchBrowser -->
        <test-method signature="loginTest(java.lang.String, java.lang.String)[pri:0, instance:guru99Package.day5TestNG@51e5fc98]" started-at="2020-11-10T22:25:22 PST" name="loginTest" data-provider="loginProvider" finished-at="2020-11-10T22:25:26 PST" duration-ms="4378" status="PASS">
          <params>
            <param index="0">
              <value>
                <![CDATA[mngr293142]]>
              </value>
            </param>
            <param index="1">
              <value>
                <![CDATA[Egugyje]]>
              </value>
            </param>
          </params>
          <reporter-output>
          </reporter-output>
        </test-method> <!-- loginTest -->
        <test-method signature="loginTest(java.lang.String, java.lang.String)[pri:0, instance:guru99Package.day5TestNG@51e5fc98]" started-at="2020-11-10T22:25:26 PST" name="loginTest" data-provider="loginProvider" finished-at="2020-11-10T22:25:30 PST" duration-ms="3086" status="PASS">
          <params>
            <param index="0">
              <value>
                <![CDATA[invalidUser]]>
              </value>
            </param>
            <param index="1">
              <value>
                <![CDATA[Egugyje]]>
              </value>
            </param>
          </params>
          <reporter-output>
          </reporter-output>
        </test-method> <!-- loginTest -->
        <test-method signature="loginTest(java.lang.String, java.lang.String)[pri:0, instance:guru99Package.day5TestNG@51e5fc98]" started-at="2020-11-10T22:25:30 PST" name="loginTest" data-provider="loginProvider" finished-at="2020-11-10T22:25:32 PST" duration-ms="2287" status="PASS">
          <params>
            <param index="0">
              <value>
                <![CDATA[mngr293142]]>
              </value>
            </param>
            <param index="1">
              <value>
                <![CDATA[invalidPassword]]>
              </value>
            </param>
          </params>
          <reporter-output>
          </reporter-output>
        </test-method> <!-- loginTest -->
        <test-method signature="loginTest(java.lang.String, java.lang.String)[pri:0, instance:guru99Package.day5TestNG@51e5fc98]" started-at="2020-11-10T22:25:32 PST" name="loginTest" data-provider="loginProvider" finished-at="2020-11-10T22:25:34 PST" duration-ms="2313" status="PASS">
          <params>
            <param index="0">
              <value>
                <![CDATA[invalidUser]]>
              </value>
            </param>
            <param index="1">
              <value>
                <![CDATA[invalidPassword]]>
              </value>
            </param>
          </params>
          <reporter-output>
          </reporter-output>
        </test-method> <!-- loginTest -->
        <test-method is-config="true" signature="terminateBrowser()[pri:0, instance:guru99Package.day5TestNG@51e5fc98]" started-at="2020-11-10T22:25:34 PST" name="terminateBrowser" finished-at="2020-11-10T22:25:37 PST" duration-ms="2369" status="PASS">
          <reporter-output>
          </reporter-output>
        </test-method> <!-- terminateBrowser -->
      </class> <!-- guru99Package.day5TestNG -->
    </test> <!-- Default test -->
  </suite> <!-- Default suite -->
</testng-results>
